-------------------------------------------------------------------------------
Test set: com.uiTests.runAllTest
-------------------------------------------------------------------------------
Tests run: 5, Failures: 0, Errors: 2, Skipped: 0, Time elapsed: 28.06 sec <<< FAILURE! - in com.uiTests.runAllTest
Then Uninvited Users cannot see the Private Event(| Private |)  Time elapsed: 0.003 sec  <<< ERROR!
java.lang.NullPointerException

| Private |  Time elapsed: 0.003 sec  <<< ERROR!
java.lang.NullPointerException

